<?xml version="1.0" encoding="UTF-8"?>
<coverage generated="1527509446225" clover="3.2.0">
  <project timestamp="1527509446225" name="All files">
    <metrics statements="120" coveredstatements="61" conditionals="114" coveredconditionals="25" methods="18" coveredmethods="11" elements="252" coveredelements="97" complexity="0" loc="120" ncloc="120" packages="2" files="6" classes="6">
      <package name="src">
        <metrics statements="56" coveredstatements="52" conditionals="31" coveredconditionals="25" methods="13" coveredmethods="11"/>
        <file name="currency.js" path="/Users/espen/Projects/bento/packages/internal/formatting/src/currency.js">
          <metrics statements="37" coveredstatements="34" conditionals="12" coveredconditionals="7" methods="3" coveredmethods="2"/>
          <line num="4" count="1" type="stmt"/>
          <line num="5" count="1" type="stmt"/>
          <line num="6" count="1" type="stmt"/>
          <line num="7" count="1" type="stmt"/>
          <line num="8" count="1" type="stmt"/>
          <line num="9" count="1" type="stmt"/>
          <line num="10" count="1" type="stmt"/>
          <line num="11" count="1" type="stmt"/>
          <line num="12" count="1" type="stmt"/>
          <line num="13" count="1" type="stmt"/>
          <line num="14" count="1" type="stmt"/>
          <line num="16" count="1" type="stmt"/>
          <line num="30" count="1" type="stmt"/>
          <line num="32" count="1" type="stmt"/>
          <line num="40" count="1" type="cond" truecount="1" falsecount="0"/>
          <line num="41" count="1" type="cond" truecount="1" falsecount="1"/>
          <line num="42" count="0" type="stmt"/>
          <line num="44" count="1" type="stmt"/>
          <line num="45" count="1" type="stmt"/>
          <line num="46" count="1" type="stmt"/>
          <line num="56" count="1" type="cond" truecount="0" falsecount="1"/>
          <line num="57" count="0" type="stmt"/>
          <line num="58" count="0" type="stmt"/>
          <line num="61" count="1" type="stmt"/>
          <line num="62" count="4" type="stmt"/>
          <line num="63" count="4" type="cond" truecount="2" falsecount="0"/>
          <line num="64" count="3" type="stmt"/>
          <line num="65" count="3" type="stmt"/>
          <line num="66" count="3" type="stmt"/>
          <line num="67" count="3" type="stmt"/>
          <line num="68" count="3" type="stmt"/>
          <line num="74" count="3" type="stmt"/>
          <line num="75" count="3" type="cond" truecount="1" falsecount="1"/>
          <line num="76" count="3" type="stmt"/>
          <line num="79" count="3" type="cond" truecount="1" falsecount="1"/>
          <line num="80" count="3" type="stmt"/>
          <line num="82" count="4" type="stmt"/>
        </file>
        <file name="date.js" path="/Users/espen/Projects/bento/packages/internal/formatting/src/date.js">
          <metrics statements="6" coveredstatements="5" conditionals="5" coveredconditionals="4" methods="3" coveredmethods="2"/>
          <line num="4" count="1" type="cond" truecount="2" falsecount="0"/>
          <line num="5" count="8" type="stmt"/>
          <line num="8" count="1" type="cond" truecount="2" falsecount="0"/>
          <line num="9" count="6" type="stmt"/>
          <line num="11" count="1" type="cond" truecount="0" falsecount="1"/>
          <line num="12" count="0" type="stmt"/>
        </file>
        <file name="formatName.js" path="/Users/espen/Projects/bento/packages/internal/formatting/src/formatName.js">
          <metrics statements="11" coveredstatements="11" conditionals="10" coveredconditionals="10" methods="5" coveredmethods="5"/>
          <line num="1" count="1" type="stmt"/>
          <line num="2" count="6" type="stmt"/>
          <line num="6" count="21" type="cond" truecount="2" falsecount="0"/>
          <line num="10" count="1" type="stmt"/>
          <line num="11" count="6" type="cond" truecount="2" falsecount="0"/>
          <line num="12" count="3" type="stmt"/>
          <line num="14" count="3" type="stmt"/>
          <line num="16" count="6" type="stmt"/>
          <line num="20" count="3" type="cond" truecount="1" falsecount="0"/>
          <line num="21" count="3" type="stmt"/>
          <line num="27" count="6" type="cond" truecount="4" falsecount="0"/>
        </file>
        <file name="removeWhitespace.js" path="/Users/espen/Projects/bento/packages/internal/formatting/src/removeWhitespace.js">
          <metrics statements="1" coveredstatements="1" conditionals="0" coveredconditionals="0" methods="1" coveredmethods="1"/>
          <line num="2" count="3" type="stmt"/>
        </file>
        <file name="truncate.js" path="/Users/espen/Projects/bento/packages/internal/formatting/src/truncate.js">
          <metrics statements="1" coveredstatements="1" conditionals="4" coveredconditionals="4" methods="1" coveredmethods="1"/>
          <line num="2" count="4" type="cond" truecount="2" falsecount="0"/>
        </file>
      </package>
      <package name="src.utils">
        <metrics statements="64" coveredstatements="9" conditionals="83" coveredconditionals="0" methods="5" coveredmethods="0"/>
        <file name="createNumberMask.js" path="/Users/espen/Projects/bento/packages/internal/formatting/src/utils/createNumberMask.js">
          <metrics statements="64" coveredstatements="9" conditionals="83" coveredconditionals="0" methods="5" coveredmethods="0"/>
          <line num="1" count="1" type="stmt"/>
          <line num="2" count="1" type="stmt"/>
          <line num="3" count="1" type="stmt"/>
          <line num="4" count="1" type="stmt"/>
          <line num="5" count="1" type="stmt"/>
          <line num="6" count="1" type="stmt"/>
          <line num="7" count="1" type="stmt"/>
          <line num="8" count="1" type="stmt"/>
          <line num="9" count="1" type="stmt"/>
          <line num="24" count="0" type="cond" truecount="0" falsecount="3"/>
          <line num="25" count="0" type="cond" truecount="0" falsecount="3"/>
          <line num="27" count="0" type="cond" truecount="0" falsecount="3"/>
          <line num="30" count="0" type="stmt"/>
          <line num="32" count="0" type="cond" truecount="0" falsecount="2"/>
          <line num="36" count="0" type="stmt"/>
          <line num="40" count="0" type="cond" truecount="0" falsecount="4"/>
          <line num="41" count="0" type="stmt"/>
          <line num="47" count="0" type="cond" truecount="0" falsecount="2"/>
          <line num="49" count="0" type="cond" truecount="0" falsecount="2"/>
          <line num="50" count="0" type="stmt"/>
          <line num="53" count="0" type="stmt"/>
          <line num="54" count="0" type="stmt"/>
          <line num="61" count="0" type="cond" truecount="0" falsecount="2"/>
          <line num="62" count="0" type="stmt"/>
          <line num="65" count="0" type="cond" truecount="0" falsecount="5"/>
          <line num="66" count="0" type="stmt"/>
          <line num="71" count="0" type="stmt"/>
          <line num="72" count="0" type="stmt"/>
          <line num="74" count="0" type="cond" truecount="0" falsecount="2"/>
          <line num="75" count="0" type="stmt"/>
          <line num="77" count="0" type="stmt"/>
          <line num="81" count="0" type="cond" truecount="0" falsecount="4"/>
          <line num="83" count="0" type="cond" truecount="0" falsecount="2"/>
          <line num="84" count="0" type="stmt"/>
          <line num="88" count="0" type="stmt"/>
          <line num="95" count="0" type="stmt"/>
          <line num="97" count="0" type="cond" truecount="0" falsecount="2"/>
          <line num="98" count="0" type="stmt"/>
          <line num="101" count="0" type="cond" truecount="0" falsecount="2"/>
          <line num="105" count="0" type="stmt"/>
          <line num="107" count="0" type="cond" truecount="0" falsecount="5"/>
          <line num="108" count="0" type="cond" truecount="0" falsecount="2"/>
          <line num="109" count="0" type="stmt"/>
          <line num="112" count="0" type="stmt"/>
          <line num="114" count="0" type="cond" truecount="0" falsecount="2"/>
          <line num="115" count="0" type="cond" truecount="0" falsecount="2"/>
          <line num="116" count="0" type="stmt"/>
          <line num="119" count="0" type="stmt"/>
          <line num="122" count="0" type="cond" truecount="0" falsecount="2"/>
          <line num="126" count="0" type="stmt"/>
          <line num="130" count="0" type="cond" truecount="0" falsecount="2"/>
          <line num="131" count="0" type="stmt"/>
          <line num="134" count="0" type="cond" truecount="0" falsecount="2"/>
          <line num="136" count="0" type="cond" truecount="0" falsecount="2"/>
          <line num="137" count="0" type="stmt"/>
          <line num="140" count="0" type="stmt"/>
          <line num="143" count="0" type="cond" truecount="0" falsecount="2"/>
          <line num="144" count="0" type="stmt"/>
          <line num="147" count="0" type="stmt"/>
          <line num="150" count="0" type="stmt"/>
          <line num="152" count="0" type="stmt"/>
          <line num="156" count="0" type="stmt"/>
          <line num="158" count="0" type="cond" truecount="0" falsecount="2"/>
          <line num="163" count="0" type="stmt"/>
        </file>
      </package>
    </metrics>
  </project>
</coverage>
