{"/Users/espen/Projects/bento/packages/internal/formatting/src/currency.js": {"path":"/Users/espen/Projects/bento/packages/internal/formatting/src/currency.js","statementMap":{"0":{"start":{"line":2,"column":25},"end":{"line":2,"column":74}},"1":{"start":{"line":4,"column":15},"end":{"line":4,"column":17}},"2":{"start":{"line":5,"column":15},"end":{"line":5,"column":17}},"3":{"start":{"line":6,"column":34},"end":{"line":6,"column":38}},"4":{"start":{"line":7,"column":33},"end":{"line":7,"column":36}},"5":{"start":{"line":8,"column":21},"end":{"line":8,"column":25}},"6":{"start":{"line":9,"column":22},"end":{"line":9,"column":25}},"7":{"start":{"line":10,"column":21},"end":{"line":10,"column":22}},"8":{"start":{"line":11,"column":23},"end":{"line":11,"column":28}},"9":{"start":{"line":12,"column":22},"end":{"line":12,"column":27}},"10":{"start":{"line":13,"column":27},"end":{"line":13,"column":32}},"11":{"start":{"line":14,"column":21},"end":{"line":14,"column":25}},"12":{"start":{"line":16,"column":35},"end":{"line":28,"column":1}},"13":{"start":{"line":30,"column":15},"end":{"line":30,"column":21}},"14":{"start":{"line":32,"column":24},"end":{"line":38,"column":1}},"15":{"start":{"line":40,"column":30},"end":{"line":54,"column":1}},"16":{"start":{"line":41,"column":2},"end":{"line":43,"column":3}},"17":{"start":{"line":42,"column":4},"end":{"line":42,"column":66}},"18":{"start":{"line":44,"column":15},"end":{"line":44,"column":49}},"19":{"start":{"line":45,"column":59},"end":{"line":45,"column":63}},"20":{"start":{"line":46,"column":2},"end":{"line":53,"column":3}},"21":{"start":{"line":56,"column":34},"end":{"line":59,"column":1}},"22":{"start":{"line":57,"column":2},"end":{"line":57,"column":59}},"23":{"start":{"line":58,"column":2},"end":{"line":58,"column":34}},"24":{"start":{"line":61,"column":34},"end":{"line":83,"column":1}},"25":{"start":{"line":62,"column":17},"end":{"line":62,"column":22}},"26":{"start":{"line":63,"column":2},"end":{"line":81,"column":3}},"27":{"start":{"line":64,"column":21},"end":{"line":64,"column":45}},"28":{"start":{"line":65,"column":22},"end":{"line":65,"column":57}},"29":{"start":{"line":66,"column":21},"end":{"line":66,"column":23}},"30":{"start":{"line":67,"column":4},"end":{"line":78,"column":5}},"31":{"start":{"line":68,"column":6},"end":{"line":73,"column":7}},"32":{"start":{"line":74,"column":32},"end":{"line":74,"column":80}},"33":{"start":{"line":75,"column":6},"end":{"line":77,"column":7}},"34":{"start":{"line":76,"column":8},"end":{"line":76,"column":13}},"35":{"start":{"line":79,"column":4},"end":{"line":79,"column":63}},"36":{"start":{"line":79,"column":29},"end":{"line":79,"column":63}},"37":{"start":{"line":80,"column":4},"end":{"line":80,"column":47}},"38":{"start":{"line":82,"column":2},"end":{"line":82,"column":17}}},"fnMap":{"0":{"name":"(anonymous_0)","decl":{"start":{"line":40,"column":30},"end":{"line":40,"column":31}},"loc":{"start":{"line":40,"column":56},"end":{"line":54,"column":1}},"line":40},"1":{"name":"(anonymous_1)","decl":{"start":{"line":56,"column":34},"end":{"line":56,"column":35}},"loc":{"start":{"line":56,"column":52},"end":{"line":59,"column":1}},"line":56},"2":{"name":"(anonymous_2)","decl":{"start":{"line":61,"column":34},"end":{"line":61,"column":35}},"loc":{"start":{"line":61,"column":43},"end":{"line":83,"column":1}},"line":61}},"branchMap":{"0":{"loc":{"start":{"line":40,"column":39},"end":{"line":40,"column":51}},"type":"default-arg","locations":[{"start":{"line":40,"column":49},"end":{"line":40,"column":51}}],"line":40},"1":{"loc":{"start":{"line":41,"column":2},"end":{"line":43,"column":3}},"type":"if","locations":[{"start":{"line":41,"column":2},"end":{"line":43,"column":3}},{"start":{"line":41,"column":2},"end":{"line":43,"column":3}}],"line":41},"2":{"loc":{"start":{"line":56,"column":35},"end":{"line":56,"column":47}},"type":"default-arg","locations":[{"start":{"line":56,"column":45},"end":{"line":56,"column":47}}],"line":56},"3":{"loc":{"start":{"line":63,"column":2},"end":{"line":81,"column":3}},"type":"if","locations":[{"start":{"line":63,"column":2},"end":{"line":81,"column":3}},{"start":{"line":63,"column":2},"end":{"line":81,"column":3}}],"line":63},"4":{"loc":{"start":{"line":69,"column":9},"end":{"line":71,"column":17}},"type":"cond-expr","locations":[{"start":{"line":70,"column":12},"end":{"line":70,"column":45}},{"start":{"line":71,"column":12},"end":{"line":71,"column":17}}],"line":69},"5":{"loc":{"start":{"line":75,"column":6},"end":{"line":77,"column":7}},"type":"if","locations":[{"start":{"line":75,"column":6},"end":{"line":77,"column":7}},{"start":{"line":75,"column":6},"end":{"line":77,"column":7}}],"line":75},"6":{"loc":{"start":{"line":79,"column":4},"end":{"line":79,"column":63}},"type":"if","locations":[{"start":{"line":79,"column":4},"end":{"line":79,"column":63}},{"start":{"line":79,"column":4},"end":{"line":79,"column":63}}],"line":79}},"s":{"0":1,"1":1,"2":1,"3":1,"4":1,"5":1,"6":1,"7":1,"8":1,"9":1,"10":1,"11":1,"12":1,"13":1,"14":1,"15":1,"16":1,"17":0,"18":1,"19":1,"20":1,"21":1,"22":0,"23":0,"24":1,"25":4,"26":4,"27":3,"28":3,"29":3,"30":3,"31":3,"32":3,"33":3,"34":3,"35":3,"36":0,"37":3,"38":4},"f":{"0":1,"1":0,"2":4},"b":{"0":[1],"1":[0,1],"2":[0],"3":[3,1],"4":[3,0],"5":[3,0],"6":[0,3]},"_coverageSchema":"332fd63041d2c1bcb487cc26dd0d5f7d97098a6c","hash":"49e22522a011119e5ef922fd8f7cd80d7e723750"}
,"/Users/espen/Projects/bento/packages/internal/formatting/src/date.js": {"path":"/Users/espen/Projects/bento/packages/internal/formatting/src/date.js","statementMap":{"0":{"start":{"line":4,"column":26},"end":{"line":6,"column":1}},"1":{"start":{"line":5,"column":2},"end":{"line":5,"column":40}},"2":{"start":{"line":8,"column":34},"end":{"line":9,"column":47}},"3":{"start":{"line":9,"column":2},"end":{"line":9,"column":47}},"4":{"start":{"line":11,"column":34},"end":{"line":12,"column":47}},"5":{"start":{"line":12,"column":2},"end":{"line":12,"column":47}}},"fnMap":{"0":{"name":"(anonymous_0)","decl":{"start":{"line":4,"column":26},"end":{"line":4,"column":27}},"loc":{"start":{"line":4,"column":73},"end":{"line":6,"column":1}},"line":4},"1":{"name":"(anonymous_1)","decl":{"start":{"line":8,"column":34},"end":{"line":8,"column":35}},"loc":{"start":{"line":9,"column":2},"end":{"line":9,"column":47}},"line":9},"2":{"name":"(anonymous_2)","decl":{"start":{"line":11,"column":34},"end":{"line":11,"column":35}},"loc":{"start":{"line":12,"column":2},"end":{"line":12,"column":47}},"line":12}},"branchMap":{"0":{"loc":{"start":{"line":4,"column":33},"end":{"line":4,"column":55}},"type":"default-arg","locations":[{"start":{"line":4,"column":41},"end":{"line":4,"column":55}}],"line":4},"1":{"loc":{"start":{"line":4,"column":57},"end":{"line":4,"column":68}},"type":"default-arg","locations":[{"start":{"line":4,"column":66},"end":{"line":4,"column":68}}],"line":4},"2":{"loc":{"start":{"line":8,"column":41},"end":{"line":8,"column":56}},"type":"default-arg","locations":[{"start":{"line":8,"column":46},"end":{"line":8,"column":56}}],"line":8},"3":{"loc":{"start":{"line":8,"column":58},"end":{"line":8,"column":69}},"type":"default-arg","locations":[{"start":{"line":8,"column":67},"end":{"line":8,"column":69}}],"line":8},"4":{"loc":{"start":{"line":11,"column":45},"end":{"line":11,"column":56}},"type":"default-arg","locations":[{"start":{"line":11,"column":54},"end":{"line":11,"column":56}}],"line":11}},"s":{"0":1,"1":8,"2":1,"3":6,"4":1,"5":0},"f":{"0":8,"1":6,"2":0},"b":{"0":[2],"1":[8],"2":[1],"3":[5],"4":[0]},"_coverageSchema":"332fd63041d2c1bcb487cc26dd0d5f7d97098a6c","hash":"c6a0deb1ac9425ac0dedbb2530fab3b9446c84cb"}
,"/Users/espen/Projects/bento/packages/internal/formatting/src/formatName.js": {"path":"/Users/espen/Projects/bento/packages/internal/formatting/src/formatName.js","statementMap":{"0":{"start":{"line":1,"column":21},"end":{"line":8,"column":13}},"1":{"start":{"line":2,"column":2},"end":{"line":8,"column":13}},"2":{"start":{"line":6,"column":8},"end":{"line":6,"column":65}},"3":{"start":{"line":10,"column":24},"end":{"line":17,"column":1}},"4":{"start":{"line":11,"column":2},"end":{"line":15,"column":3}},"5":{"start":{"line":12,"column":4},"end":{"line":12,"column":42}},"6":{"start":{"line":14,"column":4},"end":{"line":14,"column":34}},"7":{"start":{"line":16,"column":2},"end":{"line":16,"column":20}},"8":{"start":{"line":20,"column":30},"end":{"line":20,"column":34}},"9":{"start":{"line":21,"column":2},"end":{"line":29,"column":14}},"10":{"start":{"line":27,"column":8},"end":{"line":27,"column":63}}},"fnMap":{"0":{"name":"(anonymous_0)","decl":{"start":{"line":1,"column":21},"end":{"line":1,"column":22}},"loc":{"start":{"line":2,"column":2},"end":{"line":8,"column":13}},"line":2},"1":{"name":"(anonymous_1)","decl":{"start":{"line":5,"column":6},"end":{"line":5,"column":7}},"loc":{"start":{"line":6,"column":8},"end":{"line":6,"column":65}},"line":6},"2":{"name":"(anonymous_2)","decl":{"start":{"line":10,"column":24},"end":{"line":10,"column":25}},"loc":{"start":{"line":10,"column":76},"end":{"line":17,"column":1}},"line":10},"3":{"name":"(anonymous_3)","decl":{"start":{"line":19,"column":15},"end":{"line":19,"column":16}},"loc":{"start":{"line":19,"column":37},"end":{"line":30,"column":1}},"line":19},"4":{"name":"(anonymous_4)","decl":{"start":{"line":26,"column":6},"end":{"line":26,"column":7}},"loc":{"start":{"line":27,"column":8},"end":{"line":27,"column":63}},"line":27}},"branchMap":{"0":{"loc":{"start":{"line":6,"column":8},"end":{"line":6,"column":65}},"type":"cond-expr","locations":[{"start":{"line":6,"column":22},"end":{"line":6,"column":42}},{"start":{"line":6,"column":45},"end":{"line":6,"column":65}}],"line":6},"1":{"loc":{"start":{"line":11,"column":2},"end":{"line":15,"column":3}},"type":"if","locations":[{"start":{"line":11,"column":2},"end":{"line":15,"column":3}},{"start":{"line":11,"column":2},"end":{"line":15,"column":3}}],"line":11},"2":{"loc":{"start":{"line":19,"column":23},"end":{"line":19,"column":32}},"type":"default-arg","locations":[{"start":{"line":19,"column":30},"end":{"line":19,"column":32}}],"line":19},"3":{"loc":{"start":{"line":20,"column":10},"end":{"line":20,"column":25}},"type":"default-arg","locations":[{"start":{"line":20,"column":22},"end":{"line":20,"column":25}}],"line":20},"4":{"loc":{"start":{"line":27,"column":8},"end":{"line":27,"column":63}},"type":"cond-expr","locations":[{"start":{"line":27,"column":40},"end":{"line":27,"column":56}},{"start":{"line":27,"column":59},"end":{"line":27,"column":63}}],"line":27},"5":{"loc":{"start":{"line":27,"column":8},"end":{"line":27,"column":37}},"type":"binary-expr","locations":[{"start":{"line":27,"column":8},"end":{"line":27,"column":19}},{"start":{"line":27,"column":23},"end":{"line":27,"column":37}}],"line":27}},"s":{"0":1,"1":6,"2":21,"3":1,"4":6,"5":3,"6":3,"7":6,"8":3,"9":3,"10":6},"f":{"0":6,"1":21,"2":6,"3":3,"4":6},"b":{"0":[6,15],"1":[3,3],"2":[2],"3":[2],"4":[3,3],"5":[6,3]},"_coverageSchema":"332fd63041d2c1bcb487cc26dd0d5f7d97098a6c","hash":"c784d184966367abd5056b4e00040aafa75f6807"}
,"/Users/espen/Projects/bento/packages/internal/formatting/src/removeWhitespace.js": {"path":"/Users/espen/Projects/bento/packages/internal/formatting/src/removeWhitespace.js","statementMap":{"0":{"start":{"line":2,"column":2},"end":{"line":2,"column":33}}},"fnMap":{"0":{"name":"(anonymous_0)","decl":{"start":{"line":1,"column":15},"end":{"line":1,"column":16}},"loc":{"start":{"line":1,"column":24},"end":{"line":3,"column":1}},"line":1}},"branchMap":{},"s":{"0":3},"f":{"0":3},"b":{},"_coverageSchema":"332fd63041d2c1bcb487cc26dd0d5f7d97098a6c","hash":"2b4d403714087fecfa4cea27371fa591b1edca84"}
,"/Users/espen/Projects/bento/packages/internal/formatting/src/truncate.js": {"path":"/Users/espen/Projects/bento/packages/internal/formatting/src/truncate.js","statementMap":{"0":{"start":{"line":2,"column":2},"end":{"line":2,"column":64}}},"fnMap":{"0":{"name":"(anonymous_0)","decl":{"start":{"line":1,"column":15},"end":{"line":1,"column":16}},"loc":{"start":{"line":2,"column":2},"end":{"line":2,"column":64}},"line":2}},"branchMap":{"0":{"loc":{"start":{"line":1,"column":21},"end":{"line":1,"column":32}},"type":"default-arg","locations":[{"start":{"line":1,"column":30},"end":{"line":1,"column":32}}],"line":1},"1":{"loc":{"start":{"line":1,"column":34},"end":{"line":1,"column":53}},"type":"default-arg","locations":[{"start":{"line":1,"column":43},"end":{"line":1,"column":53}}],"line":1},"2":{"loc":{"start":{"line":2,"column":2},"end":{"line":2,"column":64}},"type":"cond-expr","locations":[{"start":{"line":2,"column":24},"end":{"line":2,"column":58}},{"start":{"line":2,"column":61},"end":{"line":2,"column":64}}],"line":2}},"s":{"0":4},"f":{"0":4},"b":{"0":[2],"1":[3],"2":[3,1]},"_coverageSchema":"332fd63041d2c1bcb487cc26dd0d5f7d97098a6c","hash":"5b841a9da659c98c7bf1d5b96ef2c22cbf41674b"}
}
