{"/Users/espen/Projects/bento/packages/internal/formatting/src/currency.js": {"path":"/Users/espen/Projects/bento/packages/internal/formatting/src/currency.js","statementMap":{"0":{"start":{"line":4,"column":15},"end":{"line":4,"column":17}},"1":{"start":{"line":5,"column":15},"end":{"line":5,"column":17}},"2":{"start":{"line":6,"column":34},"end":{"line":6,"column":38}},"3":{"start":{"line":7,"column":33},"end":{"line":7,"column":36}},"4":{"start":{"line":8,"column":21},"end":{"line":8,"column":25}},"5":{"start":{"line":9,"column":22},"end":{"line":9,"column":25}},"6":{"start":{"line":10,"column":21},"end":{"line":10,"column":22}},"7":{"start":{"line":11,"column":23},"end":{"line":11,"column":28}},"8":{"start":{"line":12,"column":22},"end":{"line":12,"column":27}},"9":{"start":{"line":13,"column":27},"end":{"line":13,"column":32}},"10":{"start":{"line":14,"column":21},"end":{"line":14,"column":25}},"11":{"start":{"line":16,"column":35},"end":{"line":28,"column":1}},"12":{"start":{"line":30,"column":15},"end":{"line":30,"column":21}},"13":{"start":{"line":32,"column":24},"end":{"line":38,"column":1}},"14":{"start":{"line":40,"column":30},"end":{"line":54,"column":1}},"15":{"start":{"line":41,"column":2},"end":{"line":43,"column":3}},"16":{"start":{"line":42,"column":4},"end":{"line":42,"column":66}},"17":{"start":{"line":44,"column":15},"end":{"line":44,"column":49}},"18":{"start":{"line":45,"column":59},"end":{"line":45,"column":63}},"19":{"start":{"line":46,"column":2},"end":{"line":53,"column":3}},"20":{"start":{"line":56,"column":34},"end":{"line":59,"column":1}},"21":{"start":{"line":57,"column":2},"end":{"line":57,"column":59}},"22":{"start":{"line":58,"column":2},"end":{"line":58,"column":34}},"23":{"start":{"line":61,"column":34},"end":{"line":83,"column":1}},"24":{"start":{"line":62,"column":17},"end":{"line":62,"column":22}},"25":{"start":{"line":63,"column":2},"end":{"line":81,"column":3}},"26":{"start":{"line":64,"column":21},"end":{"line":64,"column":45}},"27":{"start":{"line":65,"column":22},"end":{"line":65,"column":57}},"28":{"start":{"line":66,"column":21},"end":{"line":66,"column":23}},"29":{"start":{"line":67,"column":4},"end":{"line":78,"column":5}},"30":{"start":{"line":68,"column":6},"end":{"line":73,"column":7}},"31":{"start":{"line":74,"column":32},"end":{"line":74,"column":80}},"32":{"start":{"line":75,"column":6},"end":{"line":77,"column":7}},"33":{"start":{"line":76,"column":8},"end":{"line":76,"column":13}},"34":{"start":{"line":79,"column":4},"end":{"line":79,"column":63}},"35":{"start":{"line":79,"column":29},"end":{"line":79,"column":63}},"36":{"start":{"line":80,"column":4},"end":{"line":80,"column":47}},"37":{"start":{"line":82,"column":2},"end":{"line":82,"column":17}}},"fnMap":{"0":{"name":"(anonymous_0)","decl":{"start":{"line":40,"column":30},"end":{"line":40,"column":31}},"loc":{"start":{"line":40,"column":56},"end":{"line":54,"column":1}},"line":40},"1":{"name":"(anonymous_1)","decl":{"start":{"line":56,"column":34},"end":{"line":56,"column":35}},"loc":{"start":{"line":56,"column":52},"end":{"line":59,"column":1}},"line":56},"2":{"name":"(anonymous_2)","decl":{"start":{"line":61,"column":34},"end":{"line":61,"column":35}},"loc":{"start":{"line":61,"column":43},"end":{"line":83,"column":1}},"line":61}},"branchMap":{"0":{"loc":{"start":{"line":40,"column":39},"end":{"line":40,"column":51}},"type":"default-arg","locations":[{"start":{"line":40,"column":49},"end":{"line":40,"column":51}}],"line":40},"1":{"loc":{"start":{"line":41,"column":2},"end":{"line":43,"column":3}},"type":"if","locations":[{"start":{"line":41,"column":2},"end":{"line":43,"column":3}},{"start":{"line":41,"column":2},"end":{"line":43,"column":3}}],"line":41},"2":{"loc":{"start":{"line":56,"column":35},"end":{"line":56,"column":47}},"type":"default-arg","locations":[{"start":{"line":56,"column":45},"end":{"line":56,"column":47}}],"line":56},"3":{"loc":{"start":{"line":63,"column":2},"end":{"line":81,"column":3}},"type":"if","locations":[{"start":{"line":63,"column":2},"end":{"line":81,"column":3}},{"start":{"line":63,"column":2},"end":{"line":81,"column":3}}],"line":63},"4":{"loc":{"start":{"line":69,"column":9},"end":{"line":71,"column":17}},"type":"cond-expr","locations":[{"start":{"line":70,"column":12},"end":{"line":70,"column":45}},{"start":{"line":71,"column":12},"end":{"line":71,"column":17}}],"line":69},"5":{"loc":{"start":{"line":75,"column":6},"end":{"line":77,"column":7}},"type":"if","locations":[{"start":{"line":75,"column":6},"end":{"line":77,"column":7}},{"start":{"line":75,"column":6},"end":{"line":77,"column":7}}],"line":75},"6":{"loc":{"start":{"line":79,"column":4},"end":{"line":79,"column":63}},"type":"if","locations":[{"start":{"line":79,"column":4},"end":{"line":79,"column":63}},{"start":{"line":79,"column":4},"end":{"line":79,"column":63}}],"line":79}},"s":{"0":1,"1":1,"2":1,"3":1,"4":1,"5":1,"6":1,"7":1,"8":1,"9":1,"10":1,"11":1,"12":1,"13":1,"14":1,"15":1,"16":0,"17":1,"18":1,"19":1,"20":1,"21":0,"22":0,"23":1,"24":4,"25":4,"26":3,"27":3,"28":3,"29":3,"30":3,"31":3,"32":3,"33":3,"34":3,"35":0,"36":3,"37":4},"f":{"0":1,"1":0,"2":4},"b":{"0":[1],"1":[0,1],"2":[0],"3":[3,1],"4":[3,0],"5":[3,0],"6":[0,3]},"_coverageSchema":"332fd63041d2c1bcb487cc26dd0d5f7d97098a6c","hash":"df72db4255ca490249456a2378aa5635a0ac356c"}
,"/Users/espen/Projects/bento/packages/internal/formatting/src/date.js": {"path":"/Users/espen/Projects/bento/packages/internal/formatting/src/date.js","statementMap":{"0":{"start":{"line":4,"column":26},"end":{"line":6,"column":1}},"1":{"start":{"line":5,"column":2},"end":{"line":5,"column":40}},"2":{"start":{"line":8,"column":34},"end":{"line":9,"column":47}},"3":{"start":{"line":9,"column":2},"end":{"line":9,"column":47}},"4":{"start":{"line":11,"column":34},"end":{"line":12,"column":47}},"5":{"start":{"line":12,"column":2},"end":{"line":12,"column":47}}},"fnMap":{"0":{"name":"(anonymous_0)","decl":{"start":{"line":4,"column":26},"end":{"line":4,"column":27}},"loc":{"start":{"line":4,"column":73},"end":{"line":6,"column":1}},"line":4},"1":{"name":"(anonymous_1)","decl":{"start":{"line":8,"column":34},"end":{"line":8,"column":35}},"loc":{"start":{"line":9,"column":2},"end":{"line":9,"column":47}},"line":9},"2":{"name":"(anonymous_2)","decl":{"start":{"line":11,"column":34},"end":{"line":11,"column":35}},"loc":{"start":{"line":12,"column":2},"end":{"line":12,"column":47}},"line":12}},"branchMap":{"0":{"loc":{"start":{"line":4,"column":33},"end":{"line":4,"column":55}},"type":"default-arg","locations":[{"start":{"line":4,"column":41},"end":{"line":4,"column":55}}],"line":4},"1":{"loc":{"start":{"line":4,"column":57},"end":{"line":4,"column":68}},"type":"default-arg","locations":[{"start":{"line":4,"column":66},"end":{"line":4,"column":68}}],"line":4},"2":{"loc":{"start":{"line":8,"column":41},"end":{"line":8,"column":56}},"type":"default-arg","locations":[{"start":{"line":8,"column":46},"end":{"line":8,"column":56}}],"line":8},"3":{"loc":{"start":{"line":8,"column":58},"end":{"line":8,"column":69}},"type":"default-arg","locations":[{"start":{"line":8,"column":67},"end":{"line":8,"column":69}}],"line":8},"4":{"loc":{"start":{"line":11,"column":45},"end":{"line":11,"column":56}},"type":"default-arg","locations":[{"start":{"line":11,"column":54},"end":{"line":11,"column":56}}],"line":11}},"s":{"0":1,"1":8,"2":1,"3":6,"4":1,"5":0},"f":{"0":8,"1":6,"2":0},"b":{"0":[2],"1":[8],"2":[1],"3":[5],"4":[0]},"_coverageSchema":"332fd63041d2c1bcb487cc26dd0d5f7d97098a6c","hash":"c6a0deb1ac9425ac0dedbb2530fab3b9446c84cb"}
,"/Users/espen/Projects/bento/packages/internal/formatting/src/formatName.js": {"path":"/Users/espen/Projects/bento/packages/internal/formatting/src/formatName.js","statementMap":{"0":{"start":{"line":1,"column":21},"end":{"line":8,"column":13}},"1":{"start":{"line":2,"column":2},"end":{"line":8,"column":13}},"2":{"start":{"line":6,"column":8},"end":{"line":6,"column":65}},"3":{"start":{"line":10,"column":24},"end":{"line":17,"column":1}},"4":{"start":{"line":11,"column":2},"end":{"line":15,"column":3}},"5":{"start":{"line":12,"column":4},"end":{"line":12,"column":42}},"6":{"start":{"line":14,"column":4},"end":{"line":14,"column":34}},"7":{"start":{"line":16,"column":2},"end":{"line":16,"column":20}},"8":{"start":{"line":20,"column":30},"end":{"line":20,"column":34}},"9":{"start":{"line":21,"column":2},"end":{"line":29,"column":14}},"10":{"start":{"line":27,"column":8},"end":{"line":27,"column":63}}},"fnMap":{"0":{"name":"(anonymous_0)","decl":{"start":{"line":1,"column":21},"end":{"line":1,"column":22}},"loc":{"start":{"line":2,"column":2},"end":{"line":8,"column":13}},"line":2},"1":{"name":"(anonymous_1)","decl":{"start":{"line":5,"column":6},"end":{"line":5,"column":7}},"loc":{"start":{"line":6,"column":8},"end":{"line":6,"column":65}},"line":6},"2":{"name":"(anonymous_2)","decl":{"start":{"line":10,"column":24},"end":{"line":10,"column":25}},"loc":{"start":{"line":10,"column":76},"end":{"line":17,"column":1}},"line":10},"3":{"name":"(anonymous_3)","decl":{"start":{"line":19,"column":15},"end":{"line":19,"column":16}},"loc":{"start":{"line":19,"column":37},"end":{"line":30,"column":1}},"line":19},"4":{"name":"(anonymous_4)","decl":{"start":{"line":26,"column":6},"end":{"line":26,"column":7}},"loc":{"start":{"line":27,"column":8},"end":{"line":27,"column":63}},"line":27}},"branchMap":{"0":{"loc":{"start":{"line":6,"column":8},"end":{"line":6,"column":65}},"type":"cond-expr","locations":[{"start":{"line":6,"column":22},"end":{"line":6,"column":42}},{"start":{"line":6,"column":45},"end":{"line":6,"column":65}}],"line":6},"1":{"loc":{"start":{"line":11,"column":2},"end":{"line":15,"column":3}},"type":"if","locations":[{"start":{"line":11,"column":2},"end":{"line":15,"column":3}},{"start":{"line":11,"column":2},"end":{"line":15,"column":3}}],"line":11},"2":{"loc":{"start":{"line":19,"column":23},"end":{"line":19,"column":32}},"type":"default-arg","locations":[{"start":{"line":19,"column":30},"end":{"line":19,"column":32}}],"line":19},"3":{"loc":{"start":{"line":20,"column":10},"end":{"line":20,"column":25}},"type":"default-arg","locations":[{"start":{"line":20,"column":22},"end":{"line":20,"column":25}}],"line":20},"4":{"loc":{"start":{"line":27,"column":8},"end":{"line":27,"column":63}},"type":"cond-expr","locations":[{"start":{"line":27,"column":40},"end":{"line":27,"column":56}},{"start":{"line":27,"column":59},"end":{"line":27,"column":63}}],"line":27},"5":{"loc":{"start":{"line":27,"column":8},"end":{"line":27,"column":37}},"type":"binary-expr","locations":[{"start":{"line":27,"column":8},"end":{"line":27,"column":19}},{"start":{"line":27,"column":23},"end":{"line":27,"column":37}}],"line":27}},"s":{"0":1,"1":6,"2":21,"3":1,"4":6,"5":3,"6":3,"7":6,"8":3,"9":3,"10":6},"f":{"0":6,"1":21,"2":6,"3":3,"4":6},"b":{"0":[6,15],"1":[3,3],"2":[2],"3":[2],"4":[3,3],"5":[6,3]},"_coverageSchema":"332fd63041d2c1bcb487cc26dd0d5f7d97098a6c","hash":"c784d184966367abd5056b4e00040aafa75f6807"}
,"/Users/espen/Projects/bento/packages/internal/formatting/src/removeWhitespace.js": {"path":"/Users/espen/Projects/bento/packages/internal/formatting/src/removeWhitespace.js","statementMap":{"0":{"start":{"line":2,"column":2},"end":{"line":2,"column":33}}},"fnMap":{"0":{"name":"(anonymous_0)","decl":{"start":{"line":1,"column":15},"end":{"line":1,"column":16}},"loc":{"start":{"line":1,"column":24},"end":{"line":3,"column":1}},"line":1}},"branchMap":{},"s":{"0":3},"f":{"0":3},"b":{},"_coverageSchema":"332fd63041d2c1bcb487cc26dd0d5f7d97098a6c","hash":"2b4d403714087fecfa4cea27371fa591b1edca84"}
,"/Users/espen/Projects/bento/packages/internal/formatting/src/truncate.js": {"path":"/Users/espen/Projects/bento/packages/internal/formatting/src/truncate.js","statementMap":{"0":{"start":{"line":2,"column":2},"end":{"line":2,"column":64}}},"fnMap":{"0":{"name":"(anonymous_0)","decl":{"start":{"line":1,"column":15},"end":{"line":1,"column":16}},"loc":{"start":{"line":2,"column":2},"end":{"line":2,"column":64}},"line":2}},"branchMap":{"0":{"loc":{"start":{"line":1,"column":21},"end":{"line":1,"column":32}},"type":"default-arg","locations":[{"start":{"line":1,"column":30},"end":{"line":1,"column":32}}],"line":1},"1":{"loc":{"start":{"line":1,"column":34},"end":{"line":1,"column":53}},"type":"default-arg","locations":[{"start":{"line":1,"column":43},"end":{"line":1,"column":53}}],"line":1},"2":{"loc":{"start":{"line":2,"column":2},"end":{"line":2,"column":64}},"type":"cond-expr","locations":[{"start":{"line":2,"column":24},"end":{"line":2,"column":58}},{"start":{"line":2,"column":61},"end":{"line":2,"column":64}}],"line":2}},"s":{"0":4},"f":{"0":4},"b":{"0":[2],"1":[3],"2":[3,1]},"_coverageSchema":"332fd63041d2c1bcb487cc26dd0d5f7d97098a6c","hash":"5b841a9da659c98c7bf1d5b96ef2c22cbf41674b"}
,"/Users/espen/Projects/bento/packages/internal/formatting/src/utils/createNumberMask.js": {"path":"/Users/espen/Projects/bento/packages/internal/formatting/src/utils/createNumberMask.js","statementMap":{"0":{"start":{"line":1,"column":19},"end":{"line":1,"column":22}},"1":{"start":{"line":2,"column":20},"end":{"line":2,"column":22}},"2":{"start":{"line":3,"column":14},"end":{"line":3,"column":17}},"3":{"start":{"line":4,"column":15},"end":{"line":4,"column":18}},"4":{"start":{"line":5,"column":14},"end":{"line":5,"column":17}},"5":{"start":{"line":6,"column":20},"end":{"line":6,"column":23}},"6":{"start":{"line":7,"column":24},"end":{"line":7,"column":30}},"7":{"start":{"line":8,"column":20},"end":{"line":8,"column":24}},"8":{"start":{"line":9,"column":18},"end":{"line":9,"column":22}},"9":{"start":{"line":24,"column":23},"end":{"line":24,"column":53}},"10":{"start":{"line":25,"column":23},"end":{"line":25,"column":53}},"11":{"start":{"line":27,"column":4},"end":{"line":27,"column":70}},"12":{"start":{"line":30,"column":27},"end":{"line":30,"column":42}},"13":{"start":{"line":32,"column":4},"end":{"line":45,"column":5}},"14":{"start":{"line":36,"column":6},"end":{"line":39,"column":42}},"15":{"start":{"line":40,"column":11},"end":{"line":45,"column":5}},"16":{"start":{"line":41,"column":6},"end":{"line":44,"column":42}},"17":{"start":{"line":47,"column":23},"end":{"line":47,"column":61}},"18":{"start":{"line":49,"column":4},"end":{"line":51,"column":5}},"19":{"start":{"line":50,"column":6},"end":{"line":50,"column":46}},"20":{"start":{"line":53,"column":31},"end":{"line":53,"column":66}},"21":{"start":{"line":54,"column":23},"end":{"line":54,"column":48}},"22":{"start":{"line":61,"column":4},"end":{"line":63,"column":5}},"23":{"start":{"line":62,"column":6},"end":{"line":62,"column":53}},"24":{"start":{"line":65,"column":4},"end":{"line":79,"column":5}},"25":{"start":{"line":66,"column":6},"end":{"line":69,"column":7}},"26":{"start":{"line":71,"column":6},"end":{"line":71,"column":71}},"27":{"start":{"line":72,"column":6},"end":{"line":72,"column":78}},"28":{"start":{"line":74,"column":6},"end":{"line":78,"column":7}},"29":{"start":{"line":75,"column":8},"end":{"line":75,"column":46}},"30":{"start":{"line":77,"column":8},"end":{"line":77,"column":26}},"31":{"start":{"line":81,"column":4},"end":{"line":93,"column":5}},"32":{"start":{"line":83,"column":8},"end":{"line":83,"column":80}},"33":{"start":{"line":84,"column":41},"end":{"line":86,"column":14}},"34":{"start":{"line":88,"column":6},"end":{"line":92,"column":7}},"35":{"start":{"line":95,"column":4},"end":{"line":95,"column":59}},"36":{"start":{"line":97,"column":4},"end":{"line":99,"column":5}},"37":{"start":{"line":98,"column":6},"end":{"line":98,"column":53}},"38":{"start":{"line":101,"column":4},"end":{"line":103,"column":15}},"39":{"start":{"line":105,"column":4},"end":{"line":105,"column":33}},"40":{"start":{"line":107,"column":4},"end":{"line":128,"column":5}},"41":{"start":{"line":108,"column":6},"end":{"line":110,"column":7}},"42":{"start":{"line":109,"column":8},"end":{"line":109,"column":28}},"43":{"start":{"line":112,"column":6},"end":{"line":112,"column":41}},"44":{"start":{"line":114,"column":6},"end":{"line":120,"column":7}},"45":{"start":{"line":115,"column":8},"end":{"line":117,"column":9}},"46":{"start":{"line":116,"column":10},"end":{"line":116,"column":52}},"47":{"start":{"line":119,"column":8},"end":{"line":119,"column":36}},"48":{"start":{"line":122,"column":6},"end":{"line":127,"column":7}},"49":{"start":{"line":126,"column":8},"end":{"line":126,"column":30}},"50":{"start":{"line":130,"column":4},"end":{"line":132,"column":5}},"51":{"start":{"line":131,"column":6},"end":{"line":131,"column":51}},"52":{"start":{"line":134,"column":4},"end":{"line":141,"column":5}},"53":{"start":{"line":136,"column":6},"end":{"line":138,"column":7}},"54":{"start":{"line":137,"column":8},"end":{"line":137,"column":30}},"55":{"start":{"line":140,"column":6},"end":{"line":140,"column":39}},"56":{"start":{"line":143,"column":4},"end":{"line":145,"column":5}},"57":{"start":{"line":144,"column":6},"end":{"line":144,"column":51}},"58":{"start":{"line":147,"column":4},"end":{"line":147,"column":15}},"59":{"start":{"line":150,"column":2},"end":{"line":150,"column":44}},"60":{"start":{"line":152,"column":2},"end":{"line":152,"column":19}},"61":{"start":{"line":156,"column":2},"end":{"line":158,"column":63}},"62":{"start":{"line":158,"column":18},"end":{"line":158,"column":61}},"63":{"start":{"line":163,"column":2},"end":{"line":163,"column":69}}},"fnMap":{"0":{"name":"createNumberMask","decl":{"start":{"line":11,"column":24},"end":{"line":11,"column":40}},"loc":{"start":{"line":23,"column":8},"end":{"line":153,"column":1}},"line":23},"1":{"name":"numberMask","decl":{"start":{"line":29,"column":11},"end":{"line":29,"column":21}},"loc":{"start":{"line":29,"column":46},"end":{"line":148,"column":3}},"line":29},"2":{"name":"convertToMask","decl":{"start":{"line":155,"column":9},"end":{"line":155,"column":22}},"loc":{"start":{"line":155,"column":34},"end":{"line":159,"column":1}},"line":155},"3":{"name":"(anonymous_3)","decl":{"start":{"line":158,"column":9},"end":{"line":158,"column":10}},"loc":{"start":{"line":158,"column":18},"end":{"line":158,"column":61}},"line":158},"4":{"name":"addThousandsSeparator","decl":{"start":{"line":162,"column":9},"end":{"line":162,"column":30}},"loc":{"start":{"line":162,"column":60},"end":{"line":164,"column":1}},"line":162}},"branchMap":{"0":{"loc":{"start":{"line":11,"column":41},"end":{"line":23,"column":6}},"type":"default-arg","locations":[{"start":{"line":23,"column":4},"end":{"line":23,"column":6}}],"line":11},"1":{"loc":{"start":{"line":12,"column":2},"end":{"line":12,"column":21}},"type":"default-arg","locations":[{"start":{"line":12,"column":11},"end":{"line":12,"column":21}}],"line":12},"2":{"loc":{"start":{"line":13,"column":2},"end":{"line":13,"column":22}},"type":"default-arg","locations":[{"start":{"line":13,"column":11},"end":{"line":13,"column":22}}],"line":13},"3":{"loc":{"start":{"line":14,"column":2},"end":{"line":14,"column":34}},"type":"default-arg","locations":[{"start":{"line":14,"column":30},"end":{"line":14,"column":34}}],"line":14},"4":{"loc":{"start":{"line":15,"column":2},"end":{"line":15,"column":34}},"type":"default-arg","locations":[{"start":{"line":15,"column":29},"end":{"line":15,"column":34}}],"line":15},"5":{"loc":{"start":{"line":16,"column":2},"end":{"line":16,"column":22}},"type":"default-arg","locations":[{"start":{"line":16,"column":17},"end":{"line":16,"column":22}}],"line":16},"6":{"loc":{"start":{"line":17,"column":2},"end":{"line":17,"column":24}},"type":"default-arg","locations":[{"start":{"line":17,"column":18},"end":{"line":17,"column":24}}],"line":17},"7":{"loc":{"start":{"line":18,"column":2},"end":{"line":18,"column":18}},"type":"default-arg","locations":[{"start":{"line":18,"column":17},"end":{"line":18,"column":18}}],"line":18},"8":{"loc":{"start":{"line":19,"column":2},"end":{"line":19,"column":24}},"type":"default-arg","locations":[{"start":{"line":19,"column":19},"end":{"line":19,"column":24}}],"line":19},"9":{"loc":{"start":{"line":20,"column":2},"end":{"line":20,"column":23}},"type":"default-arg","locations":[{"start":{"line":20,"column":18},"end":{"line":20,"column":23}}],"line":20},"10":{"loc":{"start":{"line":21,"column":2},"end":{"line":21,"column":28}},"type":"default-arg","locations":[{"start":{"line":21,"column":23},"end":{"line":21,"column":28}}],"line":21},"11":{"loc":{"start":{"line":22,"column":2},"end":{"line":22,"column":21}},"type":"default-arg","locations":[{"start":{"line":22,"column":17},"end":{"line":22,"column":21}}],"line":22},"12":{"loc":{"start":{"line":24,"column":23},"end":{"line":24,"column":53}},"type":"binary-expr","locations":[{"start":{"line":24,"column":24},"end":{"line":24,"column":30}},{"start":{"line":24,"column":34},"end":{"line":24,"column":47}},{"start":{"line":24,"column":52},"end":{"line":24,"column":53}}],"line":24},"13":{"loc":{"start":{"line":25,"column":23},"end":{"line":25,"column":53}},"type":"binary-expr","locations":[{"start":{"line":25,"column":24},"end":{"line":25,"column":30}},{"start":{"line":25,"column":34},"end":{"line":25,"column":47}},{"start":{"line":25,"column":52},"end":{"line":25,"column":53}}],"line":25},"14":{"loc":{"start":{"line":27,"column":4},"end":{"line":27,"column":70}},"type":"binary-expr","locations":[{"start":{"line":27,"column":5},"end":{"line":27,"column":29}},{"start":{"line":27,"column":33},"end":{"line":27,"column":64}},{"start":{"line":27,"column":69},"end":{"line":27,"column":70}}],"line":27},"15":{"loc":{"start":{"line":29,"column":22},"end":{"line":29,"column":44}},"type":"default-arg","locations":[{"start":{"line":29,"column":33},"end":{"line":29,"column":44}}],"line":29},"16":{"loc":{"start":{"line":32,"column":4},"end":{"line":45,"column":5}},"type":"if","locations":[{"start":{"line":32,"column":4},"end":{"line":45,"column":5}},{"start":{"line":32,"column":4},"end":{"line":45,"column":5}}],"line":32},"17":{"loc":{"start":{"line":33,"column":6},"end":{"line":34,"column":57}},"type":"binary-expr","locations":[{"start":{"line":33,"column":6},"end":{"line":33,"column":30}},{"start":{"line":34,"column":7},"end":{"line":34,"column":32}},{"start":{"line":34,"column":36},"end":{"line":34,"column":56}}],"line":33},"18":{"loc":{"start":{"line":40,"column":11},"end":{"line":45,"column":5}},"type":"if","locations":[{"start":{"line":40,"column":11},"end":{"line":45,"column":5}},{"start":{"line":40,"column":11},"end":{"line":45,"column":5}}],"line":40},"19":{"loc":{"start":{"line":40,"column":15},"end":{"line":40,"column":57}},"type":"binary-expr","locations":[{"start":{"line":40,"column":15},"end":{"line":40,"column":41}},{"start":{"line":40,"column":45},"end":{"line":40,"column":57}}],"line":40},"20":{"loc":{"start":{"line":47,"column":23},"end":{"line":47,"column":61}},"type":"binary-expr","locations":[{"start":{"line":47,"column":23},"end":{"line":47,"column":44}},{"start":{"line":47,"column":48},"end":{"line":47,"column":61}}],"line":47},"21":{"loc":{"start":{"line":49,"column":4},"end":{"line":51,"column":5}},"type":"if","locations":[{"start":{"line":49,"column":4},"end":{"line":51,"column":5}},{"start":{"line":49,"column":4},"end":{"line":51,"column":5}}],"line":49},"22":{"loc":{"start":{"line":61,"column":4},"end":{"line":63,"column":5}},"type":"if","locations":[{"start":{"line":61,"column":4},"end":{"line":63,"column":5}},{"start":{"line":61,"column":4},"end":{"line":63,"column":5}}],"line":61},"23":{"loc":{"start":{"line":65,"column":4},"end":{"line":79,"column":5}},"type":"if","locations":[{"start":{"line":65,"column":4},"end":{"line":79,"column":5}},{"start":{"line":65,"column":4},"end":{"line":79,"column":5}}],"line":65},"24":{"loc":{"start":{"line":65,"column":8},"end":{"line":65,"column":54}},"type":"binary-expr","locations":[{"start":{"line":65,"column":8},"end":{"line":65,"column":18}},{"start":{"line":65,"column":23},"end":{"line":65,"column":35}},{"start":{"line":65,"column":39},"end":{"line":65,"column":53}}],"line":65},"25":{"loc":{"start":{"line":67,"column":8},"end":{"line":67,"column":69}},"type":"cond-expr","locations":[{"start":{"line":67,"column":53},"end":{"line":67,"column":65}},{"start":{"line":67,"column":68},"end":{"line":67,"column":69}}],"line":67},"26":{"loc":{"start":{"line":74,"column":6},"end":{"line":78,"column":7}},"type":"if","locations":[{"start":{"line":74,"column":6},"end":{"line":78,"column":7}},{"start":{"line":74,"column":6},"end":{"line":78,"column":7}}],"line":74},"27":{"loc":{"start":{"line":81,"column":4},"end":{"line":93,"column":5}},"type":"if","locations":[{"start":{"line":81,"column":4},"end":{"line":93,"column":5}},{"start":{"line":81,"column":4},"end":{"line":93,"column":5}}],"line":81},"28":{"loc":{"start":{"line":81,"column":8},"end":{"line":81,"column":56}},"type":"binary-expr","locations":[{"start":{"line":81,"column":8},"end":{"line":81,"column":20}},{"start":{"line":81,"column":24},"end":{"line":81,"column":56}}],"line":81},"29":{"loc":{"start":{"line":83,"column":8},"end":{"line":83,"column":80}},"type":"cond-expr","locations":[{"start":{"line":83,"column":43},"end":{"line":83,"column":48}},{"start":{"line":83,"column":51},"end":{"line":83,"column":80}}],"line":83},"30":{"loc":{"start":{"line":85,"column":8},"end":{"line":85,"column":69}},"type":"binary-expr","locations":[{"start":{"line":85,"column":8},"end":{"line":85,"column":63}},{"start":{"line":85,"column":67},"end":{"line":85,"column":69}}],"line":85},"31":{"loc":{"start":{"line":97,"column":4},"end":{"line":99,"column":5}},"type":"if","locations":[{"start":{"line":97,"column":4},"end":{"line":99,"column":5}},{"start":{"line":97,"column":4},"end":{"line":99,"column":5}}],"line":97},"32":{"loc":{"start":{"line":101,"column":14},"end":{"line":103,"column":15}},"type":"cond-expr","locations":[{"start":{"line":102,"column":8},"end":{"line":102,"column":64}},{"start":{"line":103,"column":8},"end":{"line":103,"column":15}}],"line":101},"33":{"loc":{"start":{"line":107,"column":4},"end":{"line":128,"column":5}},"type":"if","locations":[{"start":{"line":107,"column":4},"end":{"line":128,"column":5}},{"start":{"line":107,"column":4},"end":{"line":128,"column":5}}],"line":107},"34":{"loc":{"start":{"line":107,"column":8},"end":{"line":107,"column":63}},"type":"binary-expr","locations":[{"start":{"line":107,"column":9},"end":{"line":107,"column":19}},{"start":{"line":107,"column":23},"end":{"line":107,"column":35}},{"start":{"line":107,"column":40},"end":{"line":107,"column":63}}],"line":107},"35":{"loc":{"start":{"line":108,"column":6},"end":{"line":110,"column":7}},"type":"if","locations":[{"start":{"line":108,"column":6},"end":{"line":110,"column":7}},{"start":{"line":108,"column":6},"end":{"line":110,"column":7}}],"line":108},"36":{"loc":{"start":{"line":114,"column":6},"end":{"line":120,"column":7}},"type":"if","locations":[{"start":{"line":114,"column":6},"end":{"line":120,"column":7}},{"start":{"line":114,"column":6},"end":{"line":120,"column":7}}],"line":114},"37":{"loc":{"start":{"line":115,"column":8},"end":{"line":117,"column":9}},"type":"if","locations":[{"start":{"line":115,"column":8},"end":{"line":117,"column":9}},{"start":{"line":115,"column":8},"end":{"line":117,"column":9}}],"line":115},"38":{"loc":{"start":{"line":122,"column":6},"end":{"line":127,"column":7}},"type":"if","locations":[{"start":{"line":122,"column":6},"end":{"line":127,"column":7}},{"start":{"line":122,"column":6},"end":{"line":127,"column":7}}],"line":122},"39":{"loc":{"start":{"line":123,"column":8},"end":{"line":124,"column":58}},"type":"binary-expr","locations":[{"start":{"line":123,"column":8},"end":{"line":123,"column":31}},{"start":{"line":124,"column":8},"end":{"line":124,"column":58}}],"line":123},"40":{"loc":{"start":{"line":130,"column":4},"end":{"line":132,"column":5}},"type":"if","locations":[{"start":{"line":130,"column":4},"end":{"line":132,"column":5}},{"start":{"line":130,"column":4},"end":{"line":132,"column":5}}],"line":130},"41":{"loc":{"start":{"line":134,"column":4},"end":{"line":141,"column":5}},"type":"if","locations":[{"start":{"line":134,"column":4},"end":{"line":141,"column":5}},{"start":{"line":134,"column":4},"end":{"line":141,"column":5}}],"line":134},"42":{"loc":{"start":{"line":136,"column":6},"end":{"line":138,"column":7}},"type":"if","locations":[{"start":{"line":136,"column":6},"end":{"line":138,"column":7}},{"start":{"line":136,"column":6},"end":{"line":138,"column":7}}],"line":136},"43":{"loc":{"start":{"line":143,"column":4},"end":{"line":145,"column":5}},"type":"if","locations":[{"start":{"line":143,"column":4},"end":{"line":145,"column":5}},{"start":{"line":143,"column":4},"end":{"line":145,"column":5}}],"line":143},"44":{"loc":{"start":{"line":158,"column":18},"end":{"line":158,"column":61}},"type":"cond-expr","locations":[{"start":{"line":158,"column":43},"end":{"line":158,"column":54}},{"start":{"line":158,"column":57},"end":{"line":158,"column":61}}],"line":158}},"s":{"0":1,"1":1,"2":1,"3":1,"4":1,"5":1,"6":1,"7":1,"8":1,"9":0,"10":0,"11":0,"12":0,"13":0,"14":0,"15":0,"16":0,"17":0,"18":0,"19":0,"20":0,"21":0,"22":0,"23":0,"24":0,"25":0,"26":0,"27":0,"28":0,"29":0,"30":0,"31":0,"32":0,"33":0,"34":0,"35":0,"36":0,"37":0,"38":0,"39":0,"40":0,"41":0,"42":0,"43":0,"44":0,"45":0,"46":0,"47":0,"48":0,"49":0,"50":0,"51":0,"52":0,"53":0,"54":0,"55":0,"56":0,"57":0,"58":0,"59":0,"60":0,"61":0,"62":0,"63":0},"f":{"0":0,"1":0,"2":0,"3":0,"4":0},"b":{"0":[0],"1":[0],"2":[0],"3":[0],"4":[0],"5":[0],"6":[0],"7":[0],"8":[0],"9":[0],"10":[0],"11":[0],"12":[0,0,0],"13":[0,0,0],"14":[0,0,0],"15":[0],"16":[0,0],"17":[0,0,0],"18":[0,0],"19":[0,0],"20":[0,0],"21":[0,0],"22":[0,0],"23":[0,0],"24":[0,0,0],"25":[0,0],"26":[0,0],"27":[0,0],"28":[0,0],"29":[0,0],"30":[0,0],"31":[0,0],"32":[0,0],"33":[0,0],"34":[0,0,0],"35":[0,0],"36":[0,0],"37":[0,0],"38":[0,0],"39":[0,0],"40":[0,0],"41":[0,0],"42":[0,0],"43":[0,0],"44":[0,0]},"_coverageSchema":"332fd63041d2c1bcb487cc26dd0d5f7d97098a6c","hash":"ae98890ce7a5e5a0181c50b03c9862ae81ebe639"}
}
