TN:
SF:/Users/espen/Projects/bento/packages/internal/formatting/src/currency.js
FN:40,(anonymous_0)
FN:56,(anonymous_1)
FN:61,(anonymous_2)
FNF:3
FNH:2
FNDA:1,(anonymous_0)
FNDA:0,(anonymous_1)
FNDA:4,(anonymous_2)
DA:4,1
DA:5,1
DA:6,1
DA:7,1
DA:8,1
DA:9,1
DA:10,1
DA:11,1
DA:12,1
DA:13,1
DA:14,1
DA:16,1
DA:30,1
DA:32,1
DA:40,1
DA:41,1
DA:42,0
DA:44,1
DA:45,1
DA:46,1
DA:56,1
DA:57,0
DA:58,0
DA:61,1
DA:62,4
DA:63,4
DA:64,3
DA:65,3
DA:66,3
DA:67,3
DA:68,3
DA:74,3
DA:75,3
DA:76,3
DA:79,3
DA:80,3
DA:82,4
LF:37
LH:34
BRDA:40,0,0,1
BRDA:41,1,0,0
BRDA:41,1,1,1
BRDA:56,2,0,0
BRDA:63,3,0,3
BRDA:63,3,1,1
BRDA:69,4,0,3
BRDA:69,4,1,0
BRDA:75,5,0,3
BRDA:75,5,1,0
BRDA:79,6,0,0
BRDA:79,6,1,3
BRF:12
BRH:7
end_of_record
TN:
SF:/Users/espen/Projects/bento/packages/internal/formatting/src/date.js
FN:4,(anonymous_0)
FN:8,(anonymous_1)
FN:11,(anonymous_2)
FNF:3
FNH:2
FNDA:8,(anonymous_0)
FNDA:6,(anonymous_1)
FNDA:0,(anonymous_2)
DA:4,1
DA:5,8
DA:8,1
DA:9,6
DA:11,1
DA:12,0
LF:6
LH:5
BRDA:4,0,0,2
BRDA:4,1,0,8
BRDA:8,2,0,1
BRDA:8,3,0,5
BRDA:11,4,0,0
BRF:5
BRH:4
end_of_record
TN:
SF:/Users/espen/Projects/bento/packages/internal/formatting/src/formatName.js
FN:1,(anonymous_0)
FN:5,(anonymous_1)
FN:10,(anonymous_2)
FN:19,(anonymous_3)
FN:26,(anonymous_4)
FNF:5
FNH:5
FNDA:6,(anonymous_0)
FNDA:21,(anonymous_1)
FNDA:6,(anonymous_2)
FNDA:3,(anonymous_3)
FNDA:6,(anonymous_4)
DA:1,1
DA:2,6
DA:6,21
DA:10,1
DA:11,6
DA:12,3
DA:14,3
DA:16,6
DA:20,3
DA:21,3
DA:27,6
LF:11
LH:11
BRDA:6,0,0,6
BRDA:6,0,1,15
BRDA:11,1,0,3
BRDA:11,1,1,3
BRDA:19,2,0,2
BRDA:20,3,0,2
BRDA:27,4,0,3
BRDA:27,4,1,3
BRDA:27,5,0,6
BRDA:27,5,1,3
BRF:10
BRH:10
end_of_record
TN:
SF:/Users/espen/Projects/bento/packages/internal/formatting/src/removeWhitespace.js
FN:1,(anonymous_0)
FNF:1
FNH:1
FNDA:3,(anonymous_0)
DA:2,3
LF:1
LH:1
BRF:0
BRH:0
end_of_record
TN:
SF:/Users/espen/Projects/bento/packages/internal/formatting/src/truncate.js
FN:1,(anonymous_0)
FNF:1
FNH:1
FNDA:4,(anonymous_0)
DA:2,4
LF:1
LH:1
BRDA:1,0,0,2
BRDA:1,1,0,3
BRDA:2,2,0,3
BRDA:2,2,1,1
BRF:4
BRH:4
end_of_record
TN:
SF:/Users/espen/Projects/bento/packages/internal/formatting/src/utils/createNumberMask.js
FN:11,createNumberMask
FN:29,numberMask
FN:155,convertToMask
FN:158,(anonymous_3)
FN:162,addThousandsSeparator
FNF:5
FNH:0
FNDA:0,createNumberMask
FNDA:0,numberMask
FNDA:0,convertToMask
FNDA:0,(anonymous_3)
FNDA:0,addThousandsSeparator
DA:1,1
DA:2,1
DA:3,1
DA:4,1
DA:5,1
DA:6,1
DA:7,1
DA:8,1
DA:9,1
DA:24,0
DA:25,0
DA:27,0
DA:30,0
DA:32,0
DA:36,0
DA:40,0
DA:41,0
DA:47,0
DA:49,0
DA:50,0
DA:53,0
DA:54,0
DA:61,0
DA:62,0
DA:65,0
DA:66,0
DA:71,0
DA:72,0
DA:74,0
DA:75,0
DA:77,0
DA:81,0
DA:83,0
DA:84,0
DA:88,0
DA:95,0
DA:97,0
DA:98,0
DA:101,0
DA:105,0
DA:107,0
DA:108,0
DA:109,0
DA:112,0
DA:114,0
DA:115,0
DA:116,0
DA:119,0
DA:122,0
DA:126,0
DA:130,0
DA:131,0
DA:134,0
DA:136,0
DA:137,0
DA:140,0
DA:143,0
DA:144,0
DA:147,0
DA:150,0
DA:152,0
DA:156,0
DA:158,0
DA:163,0
LF:64
LH:9
BRDA:11,0,0,0
BRDA:12,1,0,0
BRDA:13,2,0,0
BRDA:14,3,0,0
BRDA:15,4,0,0
BRDA:16,5,0,0
BRDA:17,6,0,0
BRDA:18,7,0,0
BRDA:19,8,0,0
BRDA:20,9,0,0
BRDA:21,10,0,0
BRDA:22,11,0,0
BRDA:24,12,0,0
BRDA:24,12,1,0
BRDA:24,12,2,0
BRDA:25,13,0,0
BRDA:25,13,1,0
BRDA:25,13,2,0
BRDA:27,14,0,0
BRDA:27,14,1,0
BRDA:27,14,2,0
BRDA:29,15,0,0
BRDA:32,16,0,0
BRDA:32,16,1,0
BRDA:33,17,0,0
BRDA:33,17,1,0
BRDA:33,17,2,0
BRDA:40,18,0,0
BRDA:40,18,1,0
BRDA:40,19,0,0
BRDA:40,19,1,0
BRDA:47,20,0,0
BRDA:47,20,1,0
BRDA:49,21,0,0
BRDA:49,21,1,0
BRDA:61,22,0,0
BRDA:61,22,1,0
BRDA:65,23,0,0
BRDA:65,23,1,0
BRDA:65,24,0,0
BRDA:65,24,1,0
BRDA:65,24,2,0
BRDA:67,25,0,0
BRDA:67,25,1,0
BRDA:74,26,0,0
BRDA:74,26,1,0
BRDA:81,27,0,0
BRDA:81,27,1,0
BRDA:81,28,0,0
BRDA:81,28,1,0
BRDA:83,29,0,0
BRDA:83,29,1,0
BRDA:85,30,0,0
BRDA:85,30,1,0
BRDA:97,31,0,0
BRDA:97,31,1,0
BRDA:101,32,0,0
BRDA:101,32,1,0
BRDA:107,33,0,0
BRDA:107,33,1,0
BRDA:107,34,0,0
BRDA:107,34,1,0
BRDA:107,34,2,0
BRDA:108,35,0,0
BRDA:108,35,1,0
BRDA:114,36,0,0
BRDA:114,36,1,0
BRDA:115,37,0,0
BRDA:115,37,1,0
BRDA:122,38,0,0
BRDA:122,38,1,0
BRDA:123,39,0,0
BRDA:123,39,1,0
BRDA:130,40,0,0
BRDA:130,40,1,0
BRDA:134,41,0,0
BRDA:134,41,1,0
BRDA:136,42,0,0
BRDA:136,42,1,0
BRDA:143,43,0,0
BRDA:143,43,1,0
BRDA:158,44,0,0
BRDA:158,44,1,0
BRF:83
BRH:0
end_of_record
