TN:
SF:/Users/espen/Projects/bento/packages/internal/formatting/src/currency.js
FN:40,(anonymous_0)
FN:56,(anonymous_1)
FN:61,(anonymous_2)
FNF:3
FNH:2
FNDA:1,(anonymous_0)
FNDA:0,(anonymous_1)
FNDA:4,(anonymous_2)
DA:2,1
DA:4,1
DA:5,1
DA:6,1
DA:7,1
DA:8,1
DA:9,1
DA:10,1
DA:11,1
DA:12,1
DA:13,1
DA:14,1
DA:16,1
DA:30,1
DA:32,1
DA:40,1
DA:41,1
DA:42,0
DA:44,1
DA:45,1
DA:46,1
DA:56,1
DA:57,0
DA:58,0
DA:61,1
DA:62,4
DA:63,4
DA:64,3
DA:65,3
DA:66,3
DA:67,3
DA:68,3
DA:74,3
DA:75,3
DA:76,3
DA:79,3
DA:80,3
DA:82,4
LF:38
LH:35
BRDA:40,0,0,1
BRDA:41,1,0,0
BRDA:41,1,1,1
BRDA:56,2,0,0
BRDA:63,3,0,3
BRDA:63,3,1,1
BRDA:69,4,0,3
BRDA:69,4,1,0
BRDA:75,5,0,3
BRDA:75,5,1,0
BRDA:79,6,0,0
BRDA:79,6,1,3
BRF:12
BRH:7
end_of_record
TN:
SF:/Users/espen/Projects/bento/packages/internal/formatting/src/date.js
FN:4,(anonymous_0)
FN:8,(anonymous_1)
FN:11,(anonymous_2)
FNF:3
FNH:2
FNDA:8,(anonymous_0)
FNDA:6,(anonymous_1)
FNDA:0,(anonymous_2)
DA:4,1
DA:5,8
DA:8,1
DA:9,6
DA:11,1
DA:12,0
LF:6
LH:5
BRDA:4,0,0,2
BRDA:4,1,0,8
BRDA:8,2,0,1
BRDA:8,3,0,5
BRDA:11,4,0,0
BRF:5
BRH:4
end_of_record
TN:
SF:/Users/espen/Projects/bento/packages/internal/formatting/src/formatName.js
FN:1,(anonymous_0)
FN:5,(anonymous_1)
FN:10,(anonymous_2)
FN:19,(anonymous_3)
FN:26,(anonymous_4)
FNF:5
FNH:5
FNDA:6,(anonymous_0)
FNDA:21,(anonymous_1)
FNDA:6,(anonymous_2)
FNDA:3,(anonymous_3)
FNDA:6,(anonymous_4)
DA:1,1
DA:2,6
DA:6,21
DA:10,1
DA:11,6
DA:12,3
DA:14,3
DA:16,6
DA:20,3
DA:21,3
DA:27,6
LF:11
LH:11
BRDA:6,0,0,6
BRDA:6,0,1,15
BRDA:11,1,0,3
BRDA:11,1,1,3
BRDA:19,2,0,2
BRDA:20,3,0,2
BRDA:27,4,0,3
BRDA:27,4,1,3
BRDA:27,5,0,6
BRDA:27,5,1,3
BRF:10
BRH:10
end_of_record
TN:
SF:/Users/espen/Projects/bento/packages/internal/formatting/src/removeWhitespace.js
FN:1,(anonymous_0)
FNF:1
FNH:1
FNDA:3,(anonymous_0)
DA:2,3
LF:1
LH:1
BRF:0
BRH:0
end_of_record
TN:
SF:/Users/espen/Projects/bento/packages/internal/formatting/src/truncate.js
FN:1,(anonymous_0)
FNF:1
FNH:1
FNDA:4,(anonymous_0)
DA:2,4
LF:1
LH:1
BRDA:1,0,0,2
BRDA:1,1,0,3
BRDA:2,2,0,3
BRDA:2,2,1,1
BRF:4
BRH:4
end_of_record
